\BOOKMARK [1][-]{section.1}{Introduction}{}% 1
\BOOKMARK [2][-]{subsection.1.1}{Execution instructions}{section.1}% 2
\BOOKMARK [1][-]{section.2}{Informal description of approach}{}% 3
\BOOKMARK [2][-]{subsection.2.1}{Approach 1 - Test 1}{section.2}% 4
\BOOKMARK [2][-]{subsection.2.2}{Approach 2 - Test 2}{section.2}% 5
\BOOKMARK [1][-]{section.3}{Formal description of approach}{}% 6
\BOOKMARK [2][-]{subsection.3.1}{Approach 1 - Test 1}{section.3}% 7
\BOOKMARK [2][-]{subsection.3.2}{Approach 2 - Test 2}{section.3}% 8
\BOOKMARK [1][-]{section.4}{Performance Analysis}{}% 9
\BOOKMARK [2][-]{subsection.4.1}{Approach 1 - Test 1}{section.4}% 10
\BOOKMARK [3][-]{subsubsection.4.1.1}{Plaintext Selection}{subsection.4.1}% 11
\BOOKMARK [3][-]{subsubsection.4.1.2}{Plaintext Encryption}{subsection.4.1}% 12
\BOOKMARK [3][-]{subsubsection.4.1.3}{Execution}{subsection.4.1}% 13
\BOOKMARK [3][-]{subsubsection.4.1.4}{Comparison}{subsection.4.1}% 14
\BOOKMARK [3][-]{subsubsection.4.1.5}{Repetition}{subsection.4.1}% 15
\BOOKMARK [3][-]{subsubsection.4.1.6}{Results}{subsection.4.1}% 16
\BOOKMARK [2][-]{subsection.4.2}{Approach 2 - Test 2}{section.4}% 17
\BOOKMARK [3][-]{subsubsection.4.2.1}{Plaintext Generation}{subsection.4.2}% 18
\BOOKMARK [3][-]{subsubsection.4.2.2}{Plaintext Encryption}{subsection.4.2}% 19
\BOOKMARK [3][-]{subsubsection.4.2.3}{Execution}{subsection.4.2}% 20
\BOOKMARK [3][-]{subsubsection.4.2.4}{Calculate Distance}{subsection.4.2}% 21
\BOOKMARK [3][-]{subsubsection.4.2.5}{Summary}{subsection.4.2}% 22
\BOOKMARK [3][-]{subsubsection.4.2.6}{Repetition}{subsection.4.2}% 23
\BOOKMARK [3][-]{subsubsection.4.2.7}{Results}{subsection.4.2}% 24
